<?xml version="1.0" encoding="UTF-8"?>
<testsuite name="Covid simulator Test Suite" tests="3" skipped="0" failures="0" errors="0" timestamp="2021-01-18T13:52:52" hostname="DESKTOP-LQVCQEI" time="1.404">
  <properties/>
  <testcase name="testPersonStateChange()" classname="com.kodilla.covid.CovidSimulatorTestSuite" time="0.243"/>
  <testcase name="Test if person will get sick after colliding with infected" classname="com.kodilla.covid.CovidSimulatorTestSuite" time="1.16"/>
  <testcase name="testIsPersonMoving()" classname="com.kodilla.covid.CovidSimulatorTestSuite" time="0.001"/>
  <system-out><![CDATA[]]></system-out>
  <system-err><![CDATA[]]></system-err>
</testsuite>
